#
# There is insufficient memory for the Java Runtime Environment to continue.
# Native memory allocation (malloc) failed to allocate 1048576 bytes for AllocateHeap
# Possible reasons:
#   The system is out of physical RAM or swap space
#   The process is running with CompressedOops enabled, and the Java Heap may be blocking the growth of the native heap
# Possible solutions:
#   Reduce memory load on the system
#   Increase physical memory or swap space
#   Check if swap backing store is full
#   Decrease Java heap size (-Xmx/-Xms)
#   Decrease number of Java threads
#   Decrease Java thread stack sizes (-Xss)
#   Set larger code cache with -XX:ReservedCodeCacheSize=
#   JVM is running with Unscaled Compressed Oops mode in which the Java heap is
#     placed in the first 4GB address space. The Java Heap base address is the
#     maximum limit for the native heap growth. Please use -XX:HeapBaseMinAddress
#     to set the Java Heap base and to place the Java Heap above 4GB virtual address.
# This output file may be truncated or incomplete.
#
#  Out of Memory Error (allocation.cpp:44), pid=29484, tid=29544
#
# JRE version:  (19.0.1+10) (build )
# Java VM: Java HotSpot(TM) 64-Bit Server VM (19.0.1+10-21, mixed mode, sharing, tiered, compressed oops, compressed class ptrs, g1 gc, windows-amd64)
# No core dump will be written. Minidumps are not enabled by default on client versions of Windows
#

---------------  S U M M A R Y ------------

Command Line: -Dfile.encoding=UTF-8 --module-path=C:\Users\nguye\OneDrive\Documents\NetBeansProjects\JavaApplication4\build\classes Homepage.homePage

Host: Intel(R) Core(TM) i5-8265U CPU @ 1.60GHz, 8 cores, 7G,  Windows 11 , 64 bit Build 22621 (10.0.22621.963)
Time: Sat Jan 14 10:02:47 2023 SE Asia Standard Time elapsed time: 0.009327 seconds (0d 0h 0m 0s)

---------------  T H R E A D  ---------------

Current thread (0x0000022e7fe381f0):  JavaThread "Unknown thread" [_thread_in_vm, id=29544, stack(0x0000006f67300000,0x0000006f67400000)]

Stack: [0x0000006f67300000,0x0000006f67400000]
Native frames: (J=compiled Java code, j=interpreted, Vv=VM code, C=native code)
V  [jvm.dll+0x6ee8fa]
V  [jvm.dll+0x857a1e]
V  [jvm.dll+0x85940e]
V  [jvm.dll+0x859ac3]
V  [jvm.dll+0x28291f]
V  [jvm.dll+0xc40eb]
V  [jvm.dll+0x335479]
V  [jvm.dll+0x32d574]
V  [jvm.dll+0x821b20]
V  [jvm.dll+0x3c27c1]
V  [jvm.dll+0x8022f1]
V  [jvm.dll+0x44b30f]
V  [jvm.dll+0x44cc91]
C  [jli.dll+0x5287]
C  [ucrtbase.dll+0x29363]
C  [KERNEL32.DLL+0x126bd]
C  [ntdll.dll+0x5dfb8]


---------------  P R O C E S S  ---------------

Threads class SMR info:
_java_thread_list=0x00007ffc59c6d048, length=0, elements={
}

Java Threads: ( => current thread )

Other Threads:
  0x0000022e7fe982a0 WorkerThread "GC Thread#0" [stack: 0x0000006f67400000,0x0000006f67500000] [id=29548]

[error occurred during error reporting (printing all threads), id 0xc0000005, EXCEPTION_ACCESS_VIOLATION (0xc0000005) at pc=0x00007ffc5942a630]

VM state: not at safepoint (not fully initialized)

VM Mutex/Monitor currently owned by a thread:  ([mutex/lock_event])
[0x0000022e7fe32e80] Heap_lock - owner thread: 0x0000022e7fe381f0

Heap address: 0x0000000082400000, size: 2012 MB, Compressed Oops mode: 32-bit

CDS archive(s) mapped at: [0x0000000000000000-0x0000000000000000-0x0000000000000000), size 0, SharedBaseAddress: 0x0000000800000000, ArchiveRelocationMode: 0.
Narrow klass base: 0x0000000000000000, Narrow klass shift: 0, Narrow klass range: 0x0

GC Precious Log:
 CardTable entry size: 512
 Card Set container configuration: InlinePtr #cards 5 size 8 Array Of Cards #cards 12 size 40 Howl #buckets 4 coarsen threshold 1843 Howl Bitmap #cards 512 size 80 coarsen threshold 460 Card regions per heap region 1 cards per card region 2048

Heap:
 garbage-first heap   total 0K, used 0K [0x0000000082400000, 0x0000000100000000)
  region size 1024K, 0 young (0K), 0 survivors (0K)

[error occurred during error reporting (printing heap information), id 0xc0000005, EXCEPTION_ACCESS_VIOLATION (0xc0000005) at pc=0x00007ffc59836959]

GC Heap History (0 events):
No events

Dll operation events (1 events):
Event: 0.006 Loaded shared library C:\Program Files\Java\jdk-19\bin\java.dll

Deoptimization events (0 events):
No events

Classes loaded (0 events):
No events

Classes unloaded (0 events):
No events

Classes redefined (0 events):
No events

Internal exceptions (0 events):
No events

VM Operations (0 events):
No events

Events (0 events):
No events


Dynamic libraries:
0x00007ff7e0960000 - 0x00007ff7e0970000 	C:\Program Files\Java\jdk-19\bin\java.exe
0x00007ffcf51f0000 - 0x00007ffcf5404000 	C:\WINDOWS\SYSTEM32\ntdll.dll
0x00007ffcf33b0000 - 0x00007ffcf3473000 	C:\WINDOWS\System32\KERNEL32.DLL
0x00007ffcf2820000 - 0x00007ffcf2bbd000 	C:\WINDOWS\System32\KERNELBASE.dll
0x00007ffcf2bc0000 - 0x00007ffcf2cd1000 	C:\WINDOWS\System32\ucrtbase.dll
0x00007ffce8f60000 - 0x00007ffce8f78000 	C:\Program Files\Java\jdk-19\bin\jli.dll
0x00007ffcb13a0000 - 0x00007ffcb13bb000 	C:\Program Files\Java\jdk-19\bin\VCRUNTIME140.dll
0x00007ffcf3300000 - 0x00007ffcf33ae000 	C:\WINDOWS\System32\ADVAPI32.dll
0x00007ffcf3060000 - 0x00007ffcf3107000 	C:\WINDOWS\System32\msvcrt.dll
0x00007ffcf3110000 - 0x00007ffcf31b4000 	C:\WINDOWS\System32\sechost.dll
0x00007ffcf3f20000 - 0x00007ffcf4035000 	C:\WINDOWS\System32\RPCRT4.dll
0x00007ffcf5000000 - 0x00007ffcf51ad000 	C:\WINDOWS\System32\USER32.dll
0x00007ffcf2ce0000 - 0x00007ffcf2d06000 	C:\WINDOWS\System32\win32u.dll
0x00007ffcd41e0000 - 0x00007ffcd446e000 	C:\WINDOWS\WinSxS\amd64_microsoft.windows.common-controls_6595b64144ccf1df_6.0.22621.608_none_a9444ca7c10bb01d\COMCTL32.dll
0x00007ffcf3c70000 - 0x00007ffcf3c99000 	C:\WINDOWS\System32\GDI32.dll
0x00007ffcf2d10000 - 0x00007ffcf2e22000 	C:\WINDOWS\System32\gdi32full.dll
0x00007ffcf2610000 - 0x00007ffcf26aa000 	C:\WINDOWS\System32\msvcp_win.dll
0x00007ffce8000000 - 0x00007ffce800a000 	C:\WINDOWS\SYSTEM32\VERSION.dll
0x00007ffcf32c0000 - 0x00007ffcf32f2000 	C:\WINDOWS\System32\IMM32.DLL
0x00007ffcd6320000 - 0x00007ffcd632c000 	C:\Program Files\Java\jdk-19\bin\vcruntime140_1.dll
0x00007ffca7d80000 - 0x00007ffca7e0e000 	C:\Program Files\Java\jdk-19\bin\msvcp140.dll
0x00007ffc590f0000 - 0x00007ffc59db0000 	C:\Program Files\Java\jdk-19\bin\server\jvm.dll
0x00007ffcd8620000 - 0x00007ffcd8629000 	C:\WINDOWS\SYSTEM32\WSOCK32.dll
0x00007ffce7550000 - 0x00007ffce7584000 	C:\WINDOWS\SYSTEM32\WINMM.dll
0x00007ffcf4740000 - 0x00007ffcf47b1000 	C:\WINDOWS\System32\WS2_32.dll
0x00007ffcf1670000 - 0x00007ffcf1688000 	C:\WINDOWS\SYSTEM32\kernel.appcore.dll
0x00007ffcd4ad0000 - 0x00007ffcd4ada000 	C:\Program Files\Java\jdk-19\bin\jimage.dll
0x00007ffcecfd0000 - 0x00007ffced1fe000 	C:\WINDOWS\SYSTEM32\DBGHELP.DLL
0x00007ffcf43a0000 - 0x00007ffcf472a000 	C:\WINDOWS\System32\combase.dll
0x00007ffcf4050000 - 0x00007ffcf4127000 	C:\WINDOWS\System32\OLEAUT32.dll
0x00007ffce9b50000 - 0x00007ffce9b82000 	C:\WINDOWS\SYSTEM32\dbgcore.DLL
0x00007ffcf2f60000 - 0x00007ffcf2fdb000 	C:\WINDOWS\System32\bcryptPrimitives.dll
0x00007ffcabae0000 - 0x00007ffcabb06000 	C:\Program Files\Java\jdk-19\bin\java.dll

dbghelp: loaded successfully - version: 4.0.5 - missing functions: none
symbol engine: initialized successfully - sym options: 0x614 - pdb path: .;C:\Program Files\Java\jdk-19\bin;C:\WINDOWS\SYSTEM32;C:\WINDOWS\WinSxS\amd64_microsoft.windows.common-controls_6595b64144ccf1df_6.0.22621.608_none_a9444ca7c10bb01d;C:\Program Files\Java\jdk-19\bin\server

VM Arguments:
jvm_args: -Dfile.encoding=UTF-8 --module-path=C:\Users\nguye\OneDrive\Documents\NetBeansProjects\JavaApplication4\build\classes 
java_command: Homepage.homePage
java_class_path (initial): C:\Users\nguye\Downloads\sqljdbc_11.2\enu\mssql-jdbc-11.2.1.jre18.jar;C:\Users\nguye\OneDrive\Documents\NetBeansProjects\JavaApplication4\build\classes
Launcher Type: SUN_STANDARD

[Global flags]
     intx CICompilerCount                          = 4                                         {product} {ergonomic}
     uint ConcGCThreads                            = 2                                         {product} {ergonomic}
     uint G1ConcRefinementThreads                  = 8                                         {product} {ergonomic}
   size_t G1HeapRegionSize                         = 1048576                                   {product} {ergonomic}
    uintx GCDrainStackTargetSize                   = 64                                        {product} {ergonomic}
   size_t InitialHeapSize                          = 132120576                                 {product} {ergonomic}
   size_t MarkStackSize                            = 4194304                                   {product} {ergonomic}
   size_t MaxHeapSize                              = 2109734912                                {product} {ergonomic}
   size_t MinHeapDeltaBytes                        = 1048576                                   {product} {ergonomic}
   size_t MinHeapSize                              = 8388608                                   {product} {ergonomic}
    uintx NonNMethodCodeHeapSize                   = 5839372                                {pd product} {ergonomic}
    uintx NonProfiledCodeHeapSize                  = 122909434                              {pd product} {ergonomic}
    uintx ProfiledCodeHeapSize                     = 122909434                              {pd product} {ergonomic}
    uintx ReservedCodeCacheSize                    = 251658240                              {pd product} {ergonomic}
     bool SegmentedCodeCache                       = true                                      {product} {ergonomic}
   size_t SoftMaxHeapSize                          = 2109734912                             {manageable} {ergonomic}
     bool UseCompressedClassPointers               = true                           {product lp64_product} {ergonomic}
     bool UseCompressedOops                        = true                           {product lp64_product} {ergonomic}
     bool UseG1GC                                  = true                                      {product} {ergonomic}
     bool UseLargePagesIndividualAllocation        = false                                  {pd product} {ergonomic}

Logging:
Log output configuration:
 #0: stdout all=warning uptime,level,tags foldmultilines=false
 #1: stderr all=off uptime,level,tags foldmultilines=false

Environment Variables:
PATH=C:\Program Files\Common Files\Oracle\Java\javapath;C:\Program Files\Python310\Scripts\;C:\Program Files\Python310\;C:\WINDOWS\system32;C:\WINDOWS;C:\WINDOWS\System32\Wbem;C:\WINDOWS\System32\WindowsPowerShell\v1.0\;C:\WINDOWS\System32\OpenSSH\;C:\Program Files\Intel\WiFi\bin\;C:\Program Files\Common Files\Intel\WirelessCommon\;C:\Program Files\Microsoft SQL Server\Client SDK\ODBC\170\Tools\Binn\;C:\Program Files (x86)\Microsoft SQL Server\150\Tools\Binn\;C:\Program Files\Microsoft SQL Server\150\Tools\Binn\;C:\Program Files\Microsoft SQL Server\150\DTS\Binn\;C:\Program Files (x86)\Microsoft SQL Server\150\DTS\Binn\;C:\Program Files\Azure Data Studio\bin;C:\MinGW\bin;C:\Program Files\Git\cmd;C:\Users\nguye\AppData\Local\Microsoft\WindowsApps;;C:\Program Files\JetBrains\PyCharm Community Edition 2021.2.2\bin;;C:\Program Files\Azure Data Studio\bin
USERNAME=nguye
OS=Windows_NT
PROCESSOR_IDENTIFIER=Intel64 Family 6 Model 142 Stepping 12, GenuineIntel
TMP=C:\Users\nguye\AppData\Local\Temp
TEMP=C:\Users\nguye\AppData\Local\Temp



---------------  S Y S T E M  ---------------

OS:
 Windows 11 , 64 bit Build 22621 (10.0.22621.963)
OS uptime: 2 days 22:10 hours

CPU: total 8 (initial active 8) (4 cores per cpu, 2 threads per core) family 6 model 142 stepping 12 microcode 0xde, cx8, cmov, fxsr, ht, mmx, 3dnowpref, sse, sse2, sse3, ssse3, sse4.1, sse4.2, popcnt, lzcnt, tsc, tscinvbit, avx, avx2, aes, erms, clmul, bmi1, bmi2, adx, fma, vzeroupper, clflush, clflushopt, rdtscp

Memory: 4k page, system-wide physical 8043M (413M free)
TotalPageFile size 32619M (AvailPageFile size 5M)
current process WorkingSet (physical memory assigned to process): 11M, peak: 11M
current process commit charge ("private bytes"): 53M, peak: 54M

vm_info: Java HotSpot(TM) 64-Bit Server VM (19.0.1+10-21) for windows-amd64 JRE (19.0.1+10-21), built on 2022-09-14T12:45:06Z by "mach5one" with MS VC++ 17.1 (VS2022)

END.
